
  .   ____          _            __ _ _
 /\\ / ___'_ __ _ _(_)_ __  __ _ \ \ \ \
( ( )\___ | '_ | '_| | '_ \/ _` | \ \ \ \
 \\/  ___)| |_)| | | | | || (_| |  ) ) ) )
  '  |____| .__|_| |_|_| |_\__, | / / / /
 =========|_|==============|___/=/_/_/_/
 :: Spring Boot ::                (v3.1.2)

2025-12-08T06:10:20.894Z  INFO 1 --- [           main] c.example.gateway.ApiGatewayApplication  : Starting ApiGatewayApplication v0.0.1-SNAPSHOT using Java 17.0.17 with PID 1 (/app/api-gateway.jar started by root in /app)
2025-12-08T06:10:20.936Z  INFO 1 --- [           main] c.example.gateway.ApiGatewayApplication  : No active profile set, falling back to 1 default profile: "default"
2025-12-08T06:10:26.667Z  INFO 1 --- [           main] o.s.cloud.context.scope.GenericScope     : BeanFactory id=438b5858-5e23-3a52-aa5a-c354274178d1
2025-12-08T06:10:27.040Z  INFO 1 --- [           main] trationDelegate$BeanPostProcessorChecker : Bean 'org.springframework.cloud.client.loadbalancer.reactive.LoadBalancerBeanPostProcessorAutoConfiguration' of type [org.springframework.cloud.client.loadbalancer.reactive.LoadBalancerBeanPostProcessorAutoConfiguration] is not eligible for getting processed by all BeanPostProcessors (for example: not eligible for auto-proxying)
2025-12-08T06:10:27.044Z  INFO 1 --- [           main] trationDelegate$BeanPostProcessorChecker : Bean 'org.springframework.cloud.client.loadbalancer.reactive.LoadBalancerBeanPostProcessorAutoConfiguration$ReactorDeferringLoadBalancerFilterConfig' of type [org.springframework.cloud.client.loadbalancer.reactive.LoadBalancerBeanPostProcessorAutoConfiguration$ReactorDeferringLoadBalancerFilterConfig] is not eligible for getting processed by all BeanPostProcessors (for example: not eligible for auto-proxying)
2025-12-08T06:10:27.047Z  INFO 1 --- [           main] trationDelegate$BeanPostProcessorChecker : Bean 'reactorDeferringLoadBalancerExchangeFilterFunction' of type [org.springframework.cloud.client.loadbalancer.reactive.DeferringLoadBalancerExchangeFilterFunction] is not eligible for getting processed by all BeanPostProcessors (for example: not eligible for auto-proxying)
2025-12-08T06:10:32.275Z  INFO 1 --- [           main] o.s.c.g.r.RouteDefinitionRouteLocator    : Loaded RoutePredicateFactory [After]
2025-12-08T06:10:32.280Z  INFO 1 --- [           main] o.s.c.g.r.RouteDefinitionRouteLocator    : Loaded RoutePredicateFactory [Before]
2025-12-08T06:10:32.280Z  INFO 1 --- [           main] o.s.c.g.r.RouteDefinitionRouteLocator    : Loaded RoutePredicateFactory [Between]
2025-12-08T06:10:32.281Z  INFO 1 --- [           main] o.s.c.g.r.RouteDefinitionRouteLocator    : Loaded RoutePredicateFactory [Cookie]
2025-12-08T06:10:32.282Z  INFO 1 --- [           main] o.s.c.g.r.RouteDefinitionRouteLocator    : Loaded RoutePredicateFactory [Header]
2025-12-08T06:10:32.282Z  INFO 1 --- [           main] o.s.c.g.r.RouteDefinitionRouteLocator    : Loaded RoutePredicateFactory [Host]
2025-12-08T06:10:32.283Z  INFO 1 --- [           main] o.s.c.g.r.RouteDefinitionRouteLocator    : Loaded RoutePredicateFactory [Method]
2025-12-08T06:10:32.283Z  INFO 1 --- [           main] o.s.c.g.r.RouteDefinitionRouteLocator    : Loaded RoutePredicateFactory [Path]
2025-12-08T06:10:32.284Z  INFO 1 --- [           main] o.s.c.g.r.RouteDefinitionRouteLocator    : Loaded RoutePredicateFactory [Query]
2025-12-08T06:10:32.284Z  INFO 1 --- [           main] o.s.c.g.r.RouteDefinitionRouteLocator    : Loaded RoutePredicateFactory [ReadBody]
2025-12-08T06:10:32.285Z  INFO 1 --- [           main] o.s.c.g.r.RouteDefinitionRouteLocator    : Loaded RoutePredicateFactory [RemoteAddr]
2025-12-08T06:10:32.285Z  INFO 1 --- [           main] o.s.c.g.r.RouteDefinitionRouteLocator    : Loaded RoutePredicateFactory [XForwardedRemoteAddr]
2025-12-08T06:10:32.286Z  INFO 1 --- [           main] o.s.c.g.r.RouteDefinitionRouteLocator    : Loaded RoutePredicateFactory [Weight]
2025-12-08T06:10:32.286Z  INFO 1 --- [           main] o.s.c.g.r.RouteDefinitionRouteLocator    : Loaded RoutePredicateFactory [CloudFoundryRouteService]
2025-12-08T06:10:33.695Z  INFO 1 --- [           main] o.s.b.a.e.web.EndpointLinksResolver      : Exposing 1 endpoint(s) beneath base path '/actuator'
2025-12-08T06:10:35.344Z  INFO 1 --- [           main] DiscoveryClientOptionalArgsConfiguration : Eureka HTTP Client uses RestTemplate.
2025-12-08T06:10:35.611Z  WARN 1 --- [           main] iguration$LoadBalancerCaffeineWarnLogger : Spring Cloud LoadBalancer is currently working with the default cache. While this cache implementation is useful for development and tests, it's recommended to use Caffeine cache in production.You can switch to using Caffeine cache, by adding it and org.springframework.cache.caffeine.CaffeineCacheManager to the classpath.
2025-12-08T06:10:35.979Z  INFO 1 --- [           main] o.s.c.n.eureka.InstanceInfoFactory       : Setting initial instance status as: STARTING
2025-12-08T06:10:36.471Z  INFO 1 --- [           main] com.netflix.discovery.DiscoveryClient    : Initializing Eureka in region us-east-1
2025-12-08T06:10:36.584Z  INFO 1 --- [           main] c.n.d.s.r.aws.ConfigClusterResolver      : Resolving eureka endpoints via configuration
2025-12-08T06:10:36.804Z  INFO 1 --- [           main] com.netflix.discovery.DiscoveryClient    : Disable delta property : false
2025-12-08T06:10:36.810Z  INFO 1 --- [           main] com.netflix.discovery.DiscoveryClient    : Single vip registry refresh property : null
2025-12-08T06:10:36.810Z  INFO 1 --- [           main] com.netflix.discovery.DiscoveryClient    : Force full registry fetch : false
2025-12-08T06:10:36.811Z  INFO 1 --- [           main] com.netflix.discovery.DiscoveryClient    : Application is null : false
2025-12-08T06:10:36.811Z  INFO 1 --- [           main] com.netflix.discovery.DiscoveryClient    : Registered Applications size is zero : true
2025-12-08T06:10:36.811Z  INFO 1 --- [           main] com.netflix.discovery.DiscoveryClient    : Application version is -1: true
2025-12-08T06:10:36.811Z  INFO 1 --- [           main] com.netflix.discovery.DiscoveryClient    : Getting all instance registry info from the eureka server
2025-12-08T06:10:39.044Z  INFO 1 --- [           main] com.netflix.discovery.DiscoveryClient    : The response status is 200
2025-12-08T06:10:39.060Z  INFO 1 --- [           main] com.netflix.discovery.DiscoveryClient    : Starting heartbeat executor: renew interval is: 30
2025-12-08T06:10:39.076Z  INFO 1 --- [           main] c.n.discovery.InstanceInfoReplicator     : InstanceInfoReplicator onDemand update allowed rate per min is 4
2025-12-08T06:10:39.120Z  INFO 1 --- [           main] com.netflix.discovery.DiscoveryClient    : Discovery Client initialized at timestamp 1765174239107 with initial instances count: 0
2025-12-08T06:10:39.126Z  INFO 1 --- [           main] o.s.c.n.e.s.EurekaServiceRegistry        : Registering application API-GATEWAY with eureka with status UP
2025-12-08T06:10:39.139Z  INFO 1 --- [           main] com.netflix.discovery.DiscoveryClient    : Saw local status change event StatusChangeEvent [timestamp=1765174239139, current=UP, previous=STARTING]
2025-12-08T06:10:39.144Z  INFO 1 --- [nfoReplicator-0] com.netflix.discovery.DiscoveryClient    : DiscoveryClient_API-GATEWAY/bf58246bd69c:api-gateway:8765: registering service...
2025-12-08T06:10:39.755Z  INFO 1 --- [nfoReplicator-0] com.netflix.discovery.DiscoveryClient    : DiscoveryClient_API-GATEWAY/bf58246bd69c:api-gateway:8765 - registration status: 204
2025-12-08T06:10:40.060Z  INFO 1 --- [           main] o.s.b.web.embedded.netty.NettyWebServer  : Netty started on port 8765
2025-12-08T06:10:40.067Z  INFO 1 --- [           main] .s.c.n.e.s.EurekaAutoServiceRegistration : Updating port to 8765
2025-12-08T06:10:40.939Z  INFO 1 --- [           main] c.example.gateway.ApiGatewayApplication  : Started ApiGatewayApplication in 20.869 seconds (process running for 22.429)
2025-12-08T06:11:10.818Z  INFO 1 --- [freshExecutor-0] com.netflix.discovery.DiscoveryClient    : Disable delta property : false
2025-12-08T06:11:10.819Z  INFO 1 --- [freshExecutor-0] com.netflix.discovery.DiscoveryClient    : Single vip registry refresh property : null
2025-12-08T06:11:10.819Z  INFO 1 --- [freshExecutor-0] com.netflix.discovery.DiscoveryClient    : Force full registry fetch : false
2025-12-08T06:11:10.819Z  INFO 1 --- [freshExecutor-0] com.netflix.discovery.DiscoveryClient    : Application is null : false
2025-12-08T06:11:10.819Z  INFO 1 --- [freshExecutor-0] com.netflix.discovery.DiscoveryClient    : Registered Applications size is zero : true
2025-12-08T06:11:10.825Z  INFO 1 --- [freshExecutor-0] com.netflix.discovery.DiscoveryClient    : Application version is -1: false
2025-12-08T06:11:10.828Z  INFO 1 --- [freshExecutor-0] com.netflix.discovery.DiscoveryClient    : Getting all instance registry info from the eureka server
2025-12-08T06:11:10.891Z  INFO 1 --- [freshExecutor-0] com.netflix.discovery.DiscoveryClient    : The response status is 200
2025-12-08T06:15:54.483Z  INFO 1 --- [trap-executor-0] c.n.d.s.r.aws.ConfigClusterResolver      : Resolving eureka endpoints via configuration
