
  .   ____          _            __ _ _
 /\\ / ___'_ __ _ _(_)_ __  __ _ \ \ \ \
( ( )\___ | '_ | '_| | '_ \/ _` | \ \ \ \
 \\/  ___)| |_)| | | | | || (_| |  ) ) ) )
  '  |____| .__|_| |_|_| |_\__, | / / / /
 =========|_|==============|___/=/_/_/_/

 :: Spring Boot ::                (v3.5.8)

2025-12-08T06:10:22.050Z  INFO 1 --- [CONFIG-SERVER] [           main] c.e.c.ConfigServerApplication            : Starting ConfigServerApplication v0.0.1-SNAPSHOT using Java 17.0.17 with PID 1 (/app/config-server.jar started by root in /app)
2025-12-08T06:10:22.066Z  INFO 1 --- [CONFIG-SERVER] [           main] c.e.c.ConfigServerApplication            : No active profile set, falling back to 1 default profile: "default"
2025-12-08T06:10:28.435Z  INFO 1 --- [CONFIG-SERVER] [           main] o.s.cloud.context.scope.GenericScope     : BeanFactory id=a58f7591-76e7-3a59-bf14-e9a8b5a08059
2025-12-08T06:10:30.151Z  INFO 1 --- [CONFIG-SERVER] [           main] o.s.b.w.embedded.tomcat.TomcatWebServer  : Tomcat initialized with port 8888 (http)
2025-12-08T06:10:30.219Z  INFO 1 --- [CONFIG-SERVER] [           main] o.apache.catalina.core.StandardService   : Starting service [Tomcat]
2025-12-08T06:10:30.220Z  INFO 1 --- [CONFIG-SERVER] [           main] o.apache.catalina.core.StandardEngine    : Starting Servlet engine: [Apache Tomcat/10.1.49]
2025-12-08T06:10:30.378Z  INFO 1 --- [CONFIG-SERVER] [           main] o.a.c.c.C.[Tomcat].[localhost].[/]       : Initializing Spring embedded WebApplicationContext
2025-12-08T06:10:30.391Z  INFO 1 --- [CONFIG-SERVER] [           main] w.s.c.ServletWebServerApplicationContext : Root WebApplicationContext: initialization completed in 7847 ms
2025-12-08T06:10:47.043Z  INFO 1 --- [CONFIG-SERVER] [           main] DiscoveryClientOptionalArgsConfiguration : Eureka HTTP Client uses RestTemplate.
2025-12-08T06:10:47.708Z  WARN 1 --- [CONFIG-SERVER] [           main] iguration$LoadBalancerCaffeineWarnLogger : Spring Cloud LoadBalancer is currently working with the default cache. While this cache implementation is useful for development and tests, it's recommended to use Caffeine cache in production.You can switch to using Caffeine cache, by adding it and org.springframework.cache.caffeine.CaffeineCacheManager to the classpath.
2025-12-08T06:10:47.741Z  INFO 1 --- [CONFIG-SERVER] [           main] o.s.b.a.e.web.EndpointLinksResolver      : Exposing 16 endpoints beneath base path '/actuator'
2025-12-08T06:10:48.061Z  INFO 1 --- [CONFIG-SERVER] [           main] o.s.c.n.eureka.InstanceInfoFactory       : Setting initial instance status as: STARTING
2025-12-08T06:10:48.149Z  INFO 1 --- [CONFIG-SERVER] [           main] com.netflix.discovery.DiscoveryClient    : Initializing Eureka in region us-east-1
2025-12-08T06:10:48.167Z  INFO 1 --- [CONFIG-SERVER] [           main] c.n.d.s.r.aws.ConfigClusterResolver      : Resolving eureka endpoints via configuration
2025-12-08T06:10:48.199Z  INFO 1 --- [CONFIG-SERVER] [           main] com.netflix.discovery.DiscoveryClient    : Disable delta property : false
2025-12-08T06:10:48.200Z  INFO 1 --- [CONFIG-SERVER] [           main] com.netflix.discovery.DiscoveryClient    : Single vip registry refresh property : null
2025-12-08T06:10:48.201Z  INFO 1 --- [CONFIG-SERVER] [           main] com.netflix.discovery.DiscoveryClient    : Force full registry fetch : false
2025-12-08T06:10:48.201Z  INFO 1 --- [CONFIG-SERVER] [           main] com.netflix.discovery.DiscoveryClient    : Application is null : false
2025-12-08T06:10:48.201Z  INFO 1 --- [CONFIG-SERVER] [           main] com.netflix.discovery.DiscoveryClient    : Registered Applications size is zero : true
2025-12-08T06:10:48.202Z  INFO 1 --- [CONFIG-SERVER] [           main] com.netflix.discovery.DiscoveryClient    : Application version is -1: true
2025-12-08T06:10:48.202Z  INFO 1 --- [CONFIG-SERVER] [           main] com.netflix.discovery.DiscoveryClient    : Getting all instance registry info from the eureka server
2025-12-08T06:10:49.074Z  INFO 1 --- [CONFIG-SERVER] [           main] com.netflix.discovery.DiscoveryClient    : The response status is 200
2025-12-08T06:10:49.078Z  INFO 1 --- [CONFIG-SERVER] [           main] com.netflix.discovery.DiscoveryClient    : Starting heartbeat executor: renew interval is: 30
2025-12-08T06:10:49.085Z  INFO 1 --- [CONFIG-SERVER] [           main] c.n.discovery.InstanceInfoReplicator     : InstanceInfoReplicator onDemand update allowed rate per min is 4
2025-12-08T06:10:49.090Z  INFO 1 --- [CONFIG-SERVER] [           main] com.netflix.discovery.DiscoveryClient    : Discovery Client initialized at timestamp 1765174249088 with initial instances count: 0
2025-12-08T06:10:49.099Z  INFO 1 --- [CONFIG-SERVER] [           main] o.s.c.n.e.s.EurekaServiceRegistry        : Registering application CONFIG-SERVER with eureka with status UP
2025-12-08T06:10:49.104Z  INFO 1 --- [CONFIG-SERVER] [           main] com.netflix.discovery.DiscoveryClient    : Saw local status change event StatusChangeEvent [timestamp=1765174249104, current=UP, previous=STARTING]
2025-12-08T06:10:49.107Z  INFO 1 --- [CONFIG-SERVER] [foReplicator-%d] com.netflix.discovery.DiscoveryClient    : DiscoveryClient_CONFIG-SERVER/3eb96c7dc926:CONFIG-SERVER:8888: registering service...
2025-12-08T06:10:49.160Z  INFO 1 --- [CONFIG-SERVER] [           main] o.s.b.w.embedded.tomcat.TomcatWebServer  : Tomcat started on port 8888 (http) with context path '/'
2025-12-08T06:10:49.162Z  INFO 1 --- [CONFIG-SERVER] [           main] .s.c.n.e.s.EurekaAutoServiceRegistration : Updating port to 8888
2025-12-08T06:10:49.233Z  INFO 1 --- [CONFIG-SERVER] [           main] c.e.c.ConfigServerApplication            : Started ConfigServerApplication in 29.458 seconds (process running for 29.69)
2025-12-08T06:10:49.251Z  INFO 1 --- [CONFIG-SERVER] [foReplicator-%d] com.netflix.discovery.DiscoveryClient    : DiscoveryClient_CONFIG-SERVER/3eb96c7dc926:CONFIG-SERVER:8888 - registration status: 204
2025-12-08T06:10:56.138Z  INFO 1 --- [CONFIG-SERVER] [nio-8888-exec-1] o.a.c.c.C.[Tomcat].[localhost].[/]       : Initializing Spring DispatcherServlet 'dispatcherServlet'
2025-12-08T06:10:56.139Z  INFO 1 --- [CONFIG-SERVER] [nio-8888-exec-1] o.s.web.servlet.DispatcherServlet        : Initializing Servlet 'dispatcherServlet'
2025-12-08T06:10:56.142Z  INFO 1 --- [CONFIG-SERVER] [nio-8888-exec-1] o.s.web.servlet.DispatcherServlet        : Completed initialization in 3 ms
2025-12-08T06:11:05.827Z  INFO 1 --- [CONFIG-SERVER] [nio-8888-exec-2] o.s.c.c.s.e.NativeEnvironmentRepository  : Adding property source: Config resource 'file [/tmp/config-repo-10362110336860921853/flight-service.properties]' via location 'file:/tmp/config-repo-10362110336860921853/'
2025-12-08T06:11:07.489Z  INFO 1 --- [CONFIG-SERVER] [nio-8888-exec-3] o.s.c.c.s.e.NativeEnvironmentRepository  : Adding property source: Config resource 'file [/tmp/config-repo-10362110336860921853/ticket-service.properties]' via location 'file:/tmp/config-repo-10362110336860921853/'
2025-12-08T06:11:09.670Z  INFO 1 --- [CONFIG-SERVER] [nio-8888-exec-4] o.s.c.c.s.e.NativeEnvironmentRepository  : Adding property source: Config resource 'file [/tmp/config-repo-10362110336860921853/passenger-service.properties]' via location 'file:/tmp/config-repo-10362110336860921853/'
2025-12-08T06:11:10.722Z  INFO 1 --- [CONFIG-SERVER] [nio-8888-exec-7] o.s.c.c.s.e.NativeEnvironmentRepository  : Adding property source: Config resource 'file [/tmp/config-repo-10362110336860921853/ticket-service.properties]' via location 'file:/tmp/config-repo-10362110336860921853/'
2025-12-08T06:11:11.695Z  INFO 1 --- [CONFIG-SERVER] [nio-8888-exec-8] o.s.c.c.s.e.NativeEnvironmentRepository  : Adding property source: Config resource 'file [/tmp/config-repo-10362110336860921853/ticket-service.properties]' via location 'file:/tmp/config-repo-10362110336860921853/'
2025-12-08T06:11:20.911Z  INFO 1 --- [CONFIG-SERVER] [reshExecutor-%d] com.netflix.discovery.DiscoveryClient    : Disable delta property : false
2025-12-08T06:11:20.911Z  INFO 1 --- [CONFIG-SERVER] [reshExecutor-%d] com.netflix.discovery.DiscoveryClient    : Single vip registry refresh property : null
2025-12-08T06:11:20.911Z  INFO 1 --- [CONFIG-SERVER] [reshExecutor-%d] com.netflix.discovery.DiscoveryClient    : Force full registry fetch : false
2025-12-08T06:11:20.911Z  INFO 1 --- [CONFIG-SERVER] [reshExecutor-%d] com.netflix.discovery.DiscoveryClient    : Application is null : false
2025-12-08T06:11:20.912Z  INFO 1 --- [CONFIG-SERVER] [reshExecutor-%d] com.netflix.discovery.DiscoveryClient    : Registered Applications size is zero : true
2025-12-08T06:11:20.912Z  INFO 1 --- [CONFIG-SERVER] [reshExecutor-%d] com.netflix.discovery.DiscoveryClient    : Application version is -1: false
2025-12-08T06:11:20.912Z  INFO 1 --- [CONFIG-SERVER] [reshExecutor-%d] com.netflix.discovery.DiscoveryClient    : Getting all instance registry info from the eureka server
2025-12-08T06:11:21.085Z  INFO 1 --- [CONFIG-SERVER] [reshExecutor-%d] com.netflix.discovery.DiscoveryClient    : The response status is 200
2025-12-08T06:16:05.877Z  INFO 1 --- [CONFIG-SERVER] [rap-executor-%d] c.n.d.s.r.aws.ConfigClusterResolver      : Resolving eureka endpoints via configuration
