
  .   ____          _            __ _ _
 /\\ / ___'_ __ _ _(_)_ __  __ _ \ \ \ \
( ( )\___ | '_ | '_| | '_ \/ _` | \ \ \ \
 \\/  ___)| |_)| | | | | || (_| |  ) ) ) )
  '  |____| .__|_| |_|_| |_\__, | / / / /
 =========|_|==============|___/=/_/_/_/
 :: Spring Boot ::                (v3.2.0)

2025-12-08T06:11:07.845Z  INFO 1 --- [flight-service] [           main] com.example.FlightServiceApplication     : Starting FlightServiceApplication v0.0.1-SNAPSHOT using Java 17.0.17 with PID 1 (/app/flight-service.jar started by root in /app)
2025-12-08T06:11:07.858Z  INFO 1 --- [flight-service] [           main] com.example.FlightServiceApplication     : No active profile set, falling back to 1 default profile: "default"
2025-12-08T06:11:08.257Z  INFO 1 --- [flight-service] [           main] o.s.c.c.c.ConfigServerConfigDataLoader   : Fetching config from server at : http://config-server:8888
2025-12-08T06:11:08.277Z  INFO 1 --- [flight-service] [           main] o.s.c.c.c.ConfigServerConfigDataLoader   : Located environment: name=flight-service, profiles=[default], label=null, version=0e79c9d10ef7b0fd54204ed574affff6d0533a24, state=
2025-12-08T06:11:16.970Z  INFO 1 --- [flight-service] [           main] .s.d.r.c.RepositoryConfigurationDelegate : Bootstrapping Spring Data JPA repositories in DEFAULT mode.
2025-12-08T06:11:17.669Z  INFO 1 --- [flight-service] [           main] .s.d.r.c.RepositoryConfigurationDelegate : Finished Spring Data repository scanning in 613 ms. Found 1 JPA repository interface.
2025-12-08T06:11:18.818Z  INFO 1 --- [flight-service] [           main] o.s.cloud.context.scope.GenericScope     : BeanFactory id=5bf27953-3055-30c2-bba5-b188fcbd756d
2025-12-08T06:11:21.222Z  WARN 1 --- [flight-service] [           main] trationDelegate$BeanPostProcessorChecker : Bean 'org.springframework.cloud.client.loadbalancer.LoadBalancerAutoConfiguration$DeferringLoadBalancerInterceptorConfig' of type [org.springframework.cloud.client.loadbalancer.LoadBalancerAutoConfiguration$DeferringLoadBalancerInterceptorConfig] is not eligible for getting processed by all BeanPostProcessors (for example: not eligible for auto-proxying). The currently created BeanPostProcessor [lbRestClientPostProcessor] is declared through a non-static factory method on that class; consider declaring it as static instead.
2025-12-08T06:11:21.339Z  WARN 1 --- [flight-service] [           main] trationDelegate$BeanPostProcessorChecker : Bean 'deferringLoadBalancerInterceptor' of type [org.springframework.cloud.client.loadbalancer.DeferringLoadBalancerInterceptor] is not eligible for getting processed by all BeanPostProcessors (for example: not eligible for auto-proxying). Is this bean getting eagerly injected into a currently created BeanPostProcessor [lbRestClientPostProcessor]? Check the corresponding BeanPostProcessor declaration and its dependencies.
2025-12-08T06:11:23.708Z  INFO 1 --- [flight-service] [           main] o.s.b.w.embedded.tomcat.TomcatWebServer  : Tomcat initialized with port 9002 (http)
2025-12-08T06:11:23.735Z  INFO 1 --- [flight-service] [           main] o.apache.catalina.core.StandardService   : Starting service [Tomcat]
2025-12-08T06:11:23.738Z  INFO 1 --- [flight-service] [           main] o.apache.catalina.core.StandardEngine    : Starting Servlet engine: [Apache Tomcat/10.1.16]
2025-12-08T06:11:23.929Z  INFO 1 --- [flight-service] [           main] o.a.c.c.C.[Tomcat].[localhost].[/]       : Initializing Spring embedded WebApplicationContext
2025-12-08T06:11:23.933Z  INFO 1 --- [flight-service] [           main] w.s.c.ServletWebServerApplicationContext : Root WebApplicationContext: initialization completed in 15638 ms
2025-12-08T06:11:27.647Z  INFO 1 --- [flight-service] [           main] o.hibernate.jpa.internal.util.LogHelper  : HHH000204: Processing PersistenceUnitInfo [name: default]
2025-12-08T06:11:28.079Z  INFO 1 --- [flight-service] [           main] org.hibernate.Version                    : HHH000412: Hibernate ORM core version 6.3.1.Final
2025-12-08T06:11:28.297Z  INFO 1 --- [flight-service] [           main] o.h.c.internal.RegionFactoryInitiator    : HHH000026: Second-level cache disabled
2025-12-08T06:11:29.312Z  INFO 1 --- [flight-service] [           main] o.s.o.j.p.SpringPersistenceUnitInfo      : No LoadTimeWeaver setup: ignoring JPA class transformer
2025-12-08T06:11:29.512Z  INFO 1 --- [flight-service] [           main] com.zaxxer.hikari.HikariDataSource       : HikariPool-1 - Starting...
2025-12-08T06:11:30.552Z  INFO 1 --- [flight-service] [           main] com.zaxxer.hikari.pool.HikariPool        : HikariPool-1 - Added connection org.postgresql.jdbc.PgConnection@42e4431
2025-12-08T06:11:30.558Z  INFO 1 --- [flight-service] [           main] com.zaxxer.hikari.HikariDataSource       : HikariPool-1 - Start completed.
2025-12-08T06:11:30.722Z  WARN 1 --- [flight-service] [           main] org.hibernate.orm.deprecation            : HHH90000025: PostgreSQLDialect does not need to be specified explicitly using 'hibernate.dialect' (remove the property setting and it will be selected by default)
2025-12-08T06:11:35.721Z  INFO 1 --- [flight-service] [           main] o.h.e.t.j.p.i.JtaPlatformInitiator       : HHH000489: No JTA platform available (set 'hibernate.transaction.jta.platform' to enable JTA platform integration)
Hibernate: create table flight (flight_id integer not null, airline smallint check (airline between 0 and 2), arrival_time timestamp(6), departure_time timestamp(6), destination varchar(255), origin varchar(255), price float(53) not null, primary key (flight_id))
Hibernate: create sequence flight_seq start with 1 increment by 50
2025-12-08T06:11:36.299Z  INFO 1 --- [flight-service] [           main] j.LocalContainerEntityManagerFactoryBean : Initialized JPA EntityManagerFactory for persistence unit 'default'
2025-12-08T06:11:38.777Z  WARN 1 --- [flight-service] [           main] JpaBaseConfiguration$JpaWebConfiguration : spring.jpa.open-in-view is enabled by default. Therefore, database queries may be performed during view rendering. Explicitly configure spring.jpa.open-in-view to disable this warning
2025-12-08T06:11:42.999Z  INFO 1 --- [flight-service] [           main] DiscoveryClientOptionalArgsConfiguration : Eureka HTTP Client uses RestTemplate.
2025-12-08T06:11:44.618Z  WARN 1 --- [flight-service] [           main] iguration$LoadBalancerCaffeineWarnLogger : Spring Cloud LoadBalancer is currently working with the default cache. While this cache implementation is useful for development and tests, it's recommended to use Caffeine cache in production.You can switch to using Caffeine cache, by adding it and org.springframework.cache.caffeine.CaffeineCacheManager to the classpath.
2025-12-08T06:11:44.723Z  INFO 1 --- [flight-service] [           main] o.s.b.a.e.web.EndpointLinksResolver      : Exposing 1 endpoint(s) beneath base path '/actuator'
2025-12-08T06:11:46.403Z  INFO 1 --- [flight-service] [           main] o.s.c.n.eureka.InstanceInfoFactory       : Setting initial instance status as: STARTING
2025-12-08T06:11:46.570Z  INFO 1 --- [flight-service] [           main] com.netflix.discovery.DiscoveryClient    : Initializing Eureka in region us-east-1
2025-12-08T06:11:46.594Z  INFO 1 --- [flight-service] [           main] c.n.d.s.r.aws.ConfigClusterResolver      : Resolving eureka endpoints via configuration
2025-12-08T06:11:46.724Z  INFO 1 --- [flight-service] [           main] com.netflix.discovery.DiscoveryClient    : Disable delta property : false
2025-12-08T06:11:46.724Z  INFO 1 --- [flight-service] [           main] com.netflix.discovery.DiscoveryClient    : Single vip registry refresh property : null
2025-12-08T06:11:46.725Z  INFO 1 --- [flight-service] [           main] com.netflix.discovery.DiscoveryClient    : Force full registry fetch : false
2025-12-08T06:11:46.725Z  INFO 1 --- [flight-service] [           main] com.netflix.discovery.DiscoveryClient    : Application is null : false
2025-12-08T06:11:46.725Z  INFO 1 --- [flight-service] [           main] com.netflix.discovery.DiscoveryClient    : Registered Applications size is zero : true
2025-12-08T06:11:46.725Z  INFO 1 --- [flight-service] [           main] com.netflix.discovery.DiscoveryClient    : Application version is -1: true
2025-12-08T06:11:46.725Z  INFO 1 --- [flight-service] [           main] com.netflix.discovery.DiscoveryClient    : Getting all instance registry info from the eureka server
2025-12-08T06:11:49.004Z  INFO 1 --- [flight-service] [           main] com.netflix.discovery.DiscoveryClient    : The response status is 200
2025-12-08T06:11:49.028Z  INFO 1 --- [flight-service] [           main] com.netflix.discovery.DiscoveryClient    : Starting heartbeat executor: renew interval is: 30
2025-12-08T06:11:49.045Z  INFO 1 --- [flight-service] [           main] c.n.discovery.InstanceInfoReplicator     : InstanceInfoReplicator onDemand update allowed rate per min is 4
2025-12-08T06:11:49.067Z  INFO 1 --- [flight-service] [           main] com.netflix.discovery.DiscoveryClient    : Discovery Client initialized at timestamp 1765174309060 with initial instances count: 4
2025-12-08T06:11:49.137Z  INFO 1 --- [flight-service] [           main] o.s.c.n.e.s.EurekaServiceRegistry        : Registering application FLIGHT-SERVICE with eureka with status UP
2025-12-08T06:11:49.139Z  INFO 1 --- [flight-service] [           main] com.netflix.discovery.DiscoveryClient    : Saw local status change event StatusChangeEvent [timestamp=1765174309139, current=UP, previous=STARTING]
2025-12-08T06:11:49.144Z  INFO 1 --- [flight-service] [foReplicator-%d] com.netflix.discovery.DiscoveryClient    : DiscoveryClient_FLIGHT-SERVICE/1f0c4c6d0021:flight-service:9002: registering service...
2025-12-08T06:11:49.255Z  INFO 1 --- [flight-service] [           main] o.s.b.w.embedded.tomcat.TomcatWebServer  : Tomcat started on port 9002 (http) with context path ''
2025-12-08T06:11:49.258Z  INFO 1 --- [flight-service] [           main] .s.c.n.e.s.EurekaAutoServiceRegistration : Updating port to 9002
2025-12-08T06:11:49.481Z  INFO 1 --- [flight-service] [           main] com.example.FlightServiceApplication     : Started FlightServiceApplication in 48.848 seconds (process running for 48.0)
2025-12-08T06:11:49.517Z  INFO 1 --- [flight-service] [foReplicator-%d] com.netflix.discovery.DiscoveryClient    : DiscoveryClient_FLIGHT-SERVICE/1f0c4c6d0021:flight-service:9002 - registration status: 204
2025-12-08T06:11:54.271Z  INFO 1 --- [flight-service] [nio-9002-exec-1] o.a.c.c.C.[Tomcat].[localhost].[/]       : Initializing Spring DispatcherServlet 'dispatcherServlet'
2025-12-08T06:11:54.272Z  INFO 1 --- [flight-service] [nio-9002-exec-1] o.s.web.servlet.DispatcherServlet        : Initializing Servlet 'dispatcherServlet'
2025-12-08T06:11:54.280Z  INFO 1 --- [flight-service] [nio-9002-exec-1] o.s.web.servlet.DispatcherServlet        : Completed initialization in 8 ms
Hibernate: select nextval('flight_seq')
Hibernate: insert into flight (airline,arrival_time,departure_time,destination,origin,price,flight_id) values (?,?,?,?,?,?,?)
Hibernate: select f1_0.flight_id,f1_0.airline,f1_0.arrival_time,f1_0.departure_time,f1_0.destination,f1_0.origin,f1_0.price from flight f1_0 where f1_0.flight_id=?
