
  .   ____          _            __ _ _
 /\\ / ___'_ __ _ _(_)_ __  __ _ \ \ \ \
( ( )\___ | '_ | '_| | '_ \/ _` | \ \ \ \
 \\/  ___)| |_)| | | | | || (_| |  ) ) ) )
  '  |____| .__|_| |_|_| |_\__, | / / / /
 =========|_|==============|___/=/_/_/_/
 :: Spring Boot ::                (v3.2.0)

2025-12-08T06:11:11.231Z  INFO 1 --- [passenger-service] [           main] c.example.PassengerServiceApplication    : Starting PassengerServiceApplication v0.0.1-SNAPSHOT using Java 17.0.17 with PID 1 (/app/passenger-service.jar started by root in /app)
2025-12-08T06:11:11.266Z  INFO 1 --- [passenger-service] [           main] c.example.PassengerServiceApplication    : No active profile set, falling back to 1 default profile: "default"
2025-12-08T06:11:11.873Z  INFO 1 --- [passenger-service] [           main] o.s.c.c.c.ConfigServerConfigDataLoader   : Fetching config from server at : http://config-server:8888
2025-12-08T06:11:11.874Z  INFO 1 --- [passenger-service] [           main] o.s.c.c.c.ConfigServerConfigDataLoader   : Located environment: name=passenger-service, profiles=[default], label=null, version=0e79c9d10ef7b0fd54204ed574affff6d0533a24, state=
2025-12-08T06:11:20.860Z  INFO 1 --- [passenger-service] [           main] .s.d.r.c.RepositoryConfigurationDelegate : Bootstrapping Spring Data JPA repositories in DEFAULT mode.
2025-12-08T06:11:21.613Z  INFO 1 --- [passenger-service] [           main] .s.d.r.c.RepositoryConfigurationDelegate : Finished Spring Data repository scanning in 721 ms. Found 2 JPA repository interfaces.
2025-12-08T06:11:22.821Z  INFO 1 --- [passenger-service] [           main] o.s.cloud.context.scope.GenericScope     : BeanFactory id=c98937a0-2742-36ed-bc0f-fcd045cd47b0
2025-12-08T06:11:26.006Z  WARN 1 --- [passenger-service] [           main] trationDelegate$BeanPostProcessorChecker : Bean 'org.springframework.cloud.client.loadbalancer.LoadBalancerAutoConfiguration$DeferringLoadBalancerInterceptorConfig' of type [org.springframework.cloud.client.loadbalancer.LoadBalancerAutoConfiguration$DeferringLoadBalancerInterceptorConfig] is not eligible for getting processed by all BeanPostProcessors (for example: not eligible for auto-proxying). The currently created BeanPostProcessor [lbRestClientPostProcessor] is declared through a non-static factory method on that class; consider declaring it as static instead.
2025-12-08T06:11:26.065Z  WARN 1 --- [passenger-service] [           main] trationDelegate$BeanPostProcessorChecker : Bean 'deferringLoadBalancerInterceptor' of type [org.springframework.cloud.client.loadbalancer.DeferringLoadBalancerInterceptor] is not eligible for getting processed by all BeanPostProcessors (for example: not eligible for auto-proxying). Is this bean getting eagerly injected into a currently created BeanPostProcessor [lbRestClientPostProcessor]? Check the corresponding BeanPostProcessor declaration and its dependencies.
2025-12-08T06:11:28.652Z  INFO 1 --- [passenger-service] [           main] o.s.b.w.embedded.tomcat.TomcatWebServer  : Tomcat initialized with port 9001 (http)
2025-12-08T06:11:28.701Z  INFO 1 --- [passenger-service] [           main] o.apache.catalina.core.StandardService   : Starting service [Tomcat]
2025-12-08T06:11:28.703Z  INFO 1 --- [passenger-service] [           main] o.apache.catalina.core.StandardEngine    : Starting Servlet engine: [Apache Tomcat/10.1.16]
2025-12-08T06:11:28.873Z  INFO 1 --- [passenger-service] [           main] o.a.c.c.C.[Tomcat].[localhost].[/]       : Initializing Spring embedded WebApplicationContext
2025-12-08T06:11:28.878Z  INFO 1 --- [passenger-service] [           main] w.s.c.ServletWebServerApplicationContext : Root WebApplicationContext: initialization completed in 16968 ms
2025-12-08T06:11:31.206Z  INFO 1 --- [passenger-service] [           main] o.hibernate.jpa.internal.util.LogHelper  : HHH000204: Processing PersistenceUnitInfo [name: default]
2025-12-08T06:11:31.975Z  INFO 1 --- [passenger-service] [           main] org.hibernate.Version                    : HHH000412: Hibernate ORM core version 6.3.1.Final
2025-12-08T06:11:32.175Z  INFO 1 --- [passenger-service] [           main] o.h.c.internal.RegionFactoryInitiator    : HHH000026: Second-level cache disabled
2025-12-08T06:11:33.825Z  INFO 1 --- [passenger-service] [           main] o.s.o.j.p.SpringPersistenceUnitInfo      : No LoadTimeWeaver setup: ignoring JPA class transformer
2025-12-08T06:11:34.062Z  INFO 1 --- [passenger-service] [           main] com.zaxxer.hikari.HikariDataSource       : HikariPool-1 - Starting...
2025-12-08T06:11:35.404Z  INFO 1 --- [passenger-service] [           main] com.zaxxer.hikari.pool.HikariPool        : HikariPool-1 - Added connection org.postgresql.jdbc.PgConnection@11d422fd
2025-12-08T06:11:35.430Z  INFO 1 --- [passenger-service] [           main] com.zaxxer.hikari.HikariDataSource       : HikariPool-1 - Start completed.
2025-12-08T06:11:35.691Z  WARN 1 --- [passenger-service] [           main] org.hibernate.orm.deprecation            : HHH90000025: PostgreSQLDialect does not need to be specified explicitly using 'hibernate.dialect' (remove the property setting and it will be selected by default)
2025-12-08T06:11:39.941Z  INFO 1 --- [passenger-service] [           main] o.h.e.t.j.p.i.JtaPlatformInitiator       : HHH000489: No JTA platform available (set 'hibernate.transaction.jta.platform' to enable JTA platform integration)
Hibernate: create table address (address_id integer not null, city varchar(255), house_no varchar(255), state varchar(255), primary key (address_id))
Hibernate: create table passenger (passenger_id integer not null, email varchar(255), name varchar(255), phone_number varchar(255), address_id integer, primary key (passenger_id))
Hibernate: alter table if exists passenger drop constraint if exists UK_dejpfxbiossmhchkdpj3bu5h9
2025-12-08T06:11:40.143Z  WARN 1 --- [passenger-service] [           main] o.h.engine.jdbc.spi.SqlExceptionHelper   : SQL Warning Code: 0, SQLState: 00000
2025-12-08T06:11:40.144Z  WARN 1 --- [passenger-service] [           main] o.h.engine.jdbc.spi.SqlExceptionHelper   : constraint "uk_dejpfxbiossmhchkdpj3bu5h9" of relation "passenger" does not exist, skipping
Hibernate: alter table if exists passenger add constraint UK_dejpfxbiossmhchkdpj3bu5h9 unique (email)
Hibernate: alter table if exists passenger drop constraint if exists UK_vw6kp0ga0j08ju37co17m6an
2025-12-08T06:11:40.171Z  WARN 1 --- [passenger-service] [           main] o.h.engine.jdbc.spi.SqlExceptionHelper   : SQL Warning Code: 0, SQLState: 00000
2025-12-08T06:11:40.171Z  WARN 1 --- [passenger-service] [           main] o.h.engine.jdbc.spi.SqlExceptionHelper   : constraint "uk_vw6kp0ga0j08ju37co17m6an" of relation "passenger" does not exist, skipping
Hibernate: alter table if exists passenger add constraint UK_vw6kp0ga0j08ju37co17m6an unique (address_id)
Hibernate: create sequence address_seq start with 1 increment by 50
Hibernate: create sequence passenger_seq start with 1 increment by 50
Hibernate: alter table if exists passenger add constraint FKa5eqvs47wimov9dlbebmtmyog foreign key (address_id) references address
2025-12-08T06:11:40.221Z  INFO 1 --- [passenger-service] [           main] j.LocalContainerEntityManagerFactoryBean : Initialized JPA EntityManagerFactory for persistence unit 'default'
2025-12-08T06:11:46.830Z  WARN 1 --- [passenger-service] [           main] JpaBaseConfiguration$JpaWebConfiguration : spring.jpa.open-in-view is enabled by default. Therefore, database queries may be performed during view rendering. Explicitly configure spring.jpa.open-in-view to disable this warning
2025-12-08T06:11:51.421Z  INFO 1 --- [passenger-service] [           main] DiscoveryClientOptionalArgsConfiguration : Eureka HTTP Client uses RestTemplate.
2025-12-08T06:11:51.887Z  WARN 1 --- [passenger-service] [           main] iguration$LoadBalancerCaffeineWarnLogger : Spring Cloud LoadBalancer is currently working with the default cache. While this cache implementation is useful for development and tests, it's recommended to use Caffeine cache in production.You can switch to using Caffeine cache, by adding it and org.springframework.cache.caffeine.CaffeineCacheManager to the classpath.
2025-12-08T06:11:51.923Z  INFO 1 --- [passenger-service] [           main] o.s.b.a.e.web.EndpointLinksResolver      : Exposing 1 endpoint(s) beneath base path '/actuator'
2025-12-08T06:11:52.336Z  INFO 1 --- [passenger-service] [           main] o.s.c.n.eureka.InstanceInfoFactory       : Setting initial instance status as: STARTING
2025-12-08T06:11:52.482Z  INFO 1 --- [passenger-service] [           main] com.netflix.discovery.DiscoveryClient    : Initializing Eureka in region us-east-1
2025-12-08T06:11:52.503Z  INFO 1 --- [passenger-service] [           main] c.n.d.s.r.aws.ConfigClusterResolver      : Resolving eureka endpoints via configuration
2025-12-08T06:11:52.548Z  INFO 1 --- [passenger-service] [           main] com.netflix.discovery.DiscoveryClient    : Disable delta property : false
2025-12-08T06:11:52.549Z  INFO 1 --- [passenger-service] [           main] com.netflix.discovery.DiscoveryClient    : Single vip registry refresh property : null
2025-12-08T06:11:52.559Z  INFO 1 --- [passenger-service] [           main] com.netflix.discovery.DiscoveryClient    : Force full registry fetch : false
2025-12-08T06:11:52.563Z  INFO 1 --- [passenger-service] [           main] com.netflix.discovery.DiscoveryClient    : Application is null : false
2025-12-08T06:11:52.563Z  INFO 1 --- [passenger-service] [           main] com.netflix.discovery.DiscoveryClient    : Registered Applications size is zero : true
2025-12-08T06:11:52.565Z  INFO 1 --- [passenger-service] [           main] com.netflix.discovery.DiscoveryClient    : Application version is -1: true
2025-12-08T06:11:52.565Z  INFO 1 --- [passenger-service] [           main] com.netflix.discovery.DiscoveryClient    : Getting all instance registry info from the eureka server
2025-12-08T06:11:56.061Z  INFO 1 --- [passenger-service] [           main] com.netflix.discovery.DiscoveryClient    : The response status is 200
2025-12-08T06:11:56.079Z  INFO 1 --- [passenger-service] [           main] com.netflix.discovery.DiscoveryClient    : Starting heartbeat executor: renew interval is: 30
2025-12-08T06:11:56.099Z  INFO 1 --- [passenger-service] [           main] c.n.discovery.InstanceInfoReplicator     : InstanceInfoReplicator onDemand update allowed rate per min is 4
2025-12-08T06:11:56.116Z  INFO 1 --- [passenger-service] [           main] com.netflix.discovery.DiscoveryClient    : Discovery Client initialized at timestamp 1765174316105 with initial instances count: 4
2025-12-08T06:11:56.174Z  INFO 1 --- [passenger-service] [           main] o.s.c.n.e.s.EurekaServiceRegistry        : Registering application PASSENGER-SERVICE with eureka with status UP
2025-12-08T06:11:56.181Z  INFO 1 --- [passenger-service] [           main] com.netflix.discovery.DiscoveryClient    : Saw local status change event StatusChangeEvent [timestamp=1765174316181, current=UP, previous=STARTING]
2025-12-08T06:11:56.191Z  INFO 1 --- [passenger-service] [foReplicator-%d] com.netflix.discovery.DiscoveryClient    : DiscoveryClient_PASSENGER-SERVICE/5dae064da0b7:passenger-service:9001: registering service...
2025-12-08T06:11:57.112Z  INFO 1 --- [passenger-service] [           main] o.s.b.w.embedded.tomcat.TomcatWebServer  : Tomcat started on port 9001 (http) with context path ''
2025-12-08T06:11:57.124Z  INFO 1 --- [passenger-service] [           main] .s.c.n.e.s.EurekaAutoServiceRegistration : Updating port to 9001
2025-12-08T06:11:57.264Z  INFO 1 --- [passenger-service] [foReplicator-%d] com.netflix.discovery.DiscoveryClient    : DiscoveryClient_PASSENGER-SERVICE/5dae064da0b7:passenger-service:9001 - registration status: 204
2025-12-08T06:11:57.429Z  INFO 1 --- [passenger-service] [           main] c.example.PassengerServiceApplication    : Started PassengerServiceApplication in 54.861 seconds (process running for 55.793)
2025-12-08T06:12:04.334Z  INFO 1 --- [passenger-service] [nio-9001-exec-1] o.a.c.c.C.[Tomcat].[localhost].[/]       : Initializing Spring DispatcherServlet 'dispatcherServlet'
2025-12-08T06:12:04.336Z  INFO 1 --- [passenger-service] [nio-9001-exec-1] o.s.web.servlet.DispatcherServlet        : Initializing Servlet 'dispatcherServlet'
2025-12-08T06:12:04.344Z  INFO 1 --- [passenger-service] [nio-9001-exec-1] o.s.web.servlet.DispatcherServlet        : Completed initialization in 7 ms
Hibernate: select nextval('passenger_seq')
Hibernate: select nextval('address_seq')
Hibernate: insert into address (city,house_no,state,address_id) values (?,?,?,?)
Hibernate: insert into passenger (address_id,email,name,phone_number,passenger_id) values (?,?,?,?,?)
Hibernate: select p1_0.passenger_id,a1_0.address_id,a1_0.city,a1_0.house_no,a1_0.state,p1_0.email,p1_0.name,p1_0.phone_number from passenger p1_0 left join address a1_0 on a1_0.address_id=p1_0.address_id where p1_0.passenger_id=?
