The files belonging to this database system will be owned by user "postgres".
This user must also own the server process.

The database cluster will be initialized with locale "en_US.utf8".
The default database encoding has accordingly been set to "UTF8".
The default text search configuration will be set to "english".

Data page checksums are disabled.

fixing permissions on existing directory /var/lib/postgresql/data ... ok
creating subdirectories ... ok
selecting dynamic shared memory implementation ... posix
selecting default max_connections ... 100
selecting default shared_buffers ... 128MB
selecting default time zone ... Etc/UTC
creating configuration files ... ok
running bootstrap script ... ok
performing post-bootstrap initialization ... ok
syncing data to disk ... ok


Success. You can now start the database server using:

    pg_ctl -D /var/lib/postgresql/data -l logfile start

initdb: warning: enabling "trust" authentication for local connections
initdb: hint: You can change this by editing pg_hba.conf or using the option -A, or --auth-local and --auth-host, the next time you run initdb.
waiting for server to start....2025-12-08 06:10:01.837 UTC [47] LOG:  starting PostgreSQL 16.11 (Debian 16.11-1.pgdg13+1) on x86_64-pc-linux-gnu, compiled by gcc (Debian 14.2.0-19) 14.2.0, 64-bit
2025-12-08 06:10:01.850 UTC [47] LOG:  listening on Unix socket "/var/run/postgresql/.s.PGSQL.5432"
2025-12-08 06:10:01.898 UTC [50] LOG:  database system was shut down at 2025-12-08 06:09:57 UTC
2025-12-08 06:10:01.923 UTC [47] LOG:  database system is ready to accept connections
 done
server started
CREATE DATABASE


/usr/local/bin/docker-entrypoint.sh: ignoring /docker-entrypoint-initdb.d/*

2025-12-08 06:10:02.375 UTC [47] LOG:  received fast shutdown request
waiting for server to shut down....2025-12-08 06:10:02.385 UTC [47] LOG:  aborting any active transactions
2025-12-08 06:10:02.390 UTC [47] LOG:  background worker "logical replication launcher" (PID 53) exited with exit code 1
2025-12-08 06:10:02.393 UTC [48] LOG:  shutting down
2025-12-08 06:10:02.403 UTC [48] LOG:  checkpoint starting: shutdown immediate
.2025-12-08 06:10:03.490 UTC [48] LOG:  checkpoint complete: wrote 926 buffers (5.7%); 0 WAL file(s) added, 0 removed, 0 recycled; write=0.098 s, sync=0.937 s, total=1.097 s; sync files=301, longest=0.008 s, average=0.004 s; distance=4273 kB, estimate=4273 kB; lsn=0/191F0E0, redo lsn=0/191F0E0
2025-12-08 06:10:03.503 UTC [47] LOG:  database system is shut down
 done
server stopped

PostgreSQL init process complete; ready for start up.

2025-12-08 06:10:03.639 UTC [1] LOG:  starting PostgreSQL 16.11 (Debian 16.11-1.pgdg13+1) on x86_64-pc-linux-gnu, compiled by gcc (Debian 14.2.0-19) 14.2.0, 64-bit
2025-12-08 06:10:03.640 UTC [1] LOG:  listening on IPv4 address "0.0.0.0", port 5432
2025-12-08 06:10:03.640 UTC [1] LOG:  listening on IPv6 address "::", port 5432
2025-12-08 06:10:03.656 UTC [1] LOG:  listening on Unix socket "/var/run/postgresql/.s.PGSQL.5432"
2025-12-08 06:10:03.674 UTC [63] LOG:  database system was shut down at 2025-12-08 06:10:03 UTC
2025-12-08 06:10:03.687 UTC [1] LOG:  database system is ready to accept connections
2025-12-08 06:15:21.351 UTC [61] LOG:  checkpoint starting: time
2025-12-08 06:15:32.030 UTC [61] LOG:  checkpoint complete: wrote 89 buffers (0.5%); 0 WAL file(s) added, 0 removed, 0 recycled; write=10.579 s, sync=0.075 s, total=10.682 s; sync files=49, longest=0.006 s, average=0.002 s; distance=427 kB, estimate=427 kB; lsn=0/198A278, redo lsn=0/198A068
