The files belonging to this database system will be owned by user "postgres".
This user must also own the server process.

The database cluster will be initialized with locale "en_US.utf8".
The default database encoding has accordingly been set to "UTF8".
The default text search configuration will be set to "english".

Data page checksums are disabled.

fixing permissions on existing directory /var/lib/postgresql/data ... ok
creating subdirectories ... ok
selecting dynamic shared memory implementation ... posix
selecting default max_connections ... 100
selecting default shared_buffers ... 128MB
selecting default time zone ... Etc/UTC
creating configuration files ... ok
running bootstrap script ... ok
performing post-bootstrap initialization ... ok
initdb: warning: enabling "trust" authentication for local connections
initdb: hint: You can change this by editing pg_hba.conf or using the option -A, or --auth-local and --auth-host, the next time you run initdb.
syncing data to disk ... ok


Success. You can now start the database server using:

    pg_ctl -D /var/lib/postgresql/data -l logfile start

waiting for server to start....2025-12-08 06:10:01.857 UTC [49] LOG:  starting PostgreSQL 16.11 (Debian 16.11-1.pgdg13+1) on x86_64-pc-linux-gnu, compiled by gcc (Debian 14.2.0-19) 14.2.0, 64-bit
2025-12-08 06:10:01.871 UTC [49] LOG:  listening on Unix socket "/var/run/postgresql/.s.PGSQL.5432"
2025-12-08 06:10:01.930 UTC [52] LOG:  database system was shut down at 2025-12-08 06:09:57 UTC
2025-12-08 06:10:01.957 UTC [49] LOG:  database system is ready to accept connections
 done
server started
CREATE DATABASE


/usr/local/bin/docker-entrypoint.sh: ignoring /docker-entrypoint-initdb.d/*

waiting for server to shut down....2025-12-08 06:10:02.441 UTC [49] LOG:  received fast shutdown request
2025-12-08 06:10:02.450 UTC [49] LOG:  aborting any active transactions
2025-12-08 06:10:02.454 UTC [49] LOG:  background worker "logical replication launcher" (PID 55) exited with exit code 1
2025-12-08 06:10:02.457 UTC [50] LOG:  shutting down
2025-12-08 06:10:02.466 UTC [50] LOG:  checkpoint starting: shutdown immediate
.2025-12-08 06:10:03.525 UTC [50] LOG:  checkpoint complete: wrote 926 buffers (5.7%); 0 WAL file(s) added, 0 removed, 0 recycled; write=0.080 s, sync=0.891 s, total=1.068 s; sync files=301, longest=0.008 s, average=0.003 s; distance=4273 kB, estimate=4273 kB; lsn=0/191F0E0, redo lsn=0/191F0E0
2025-12-08 06:10:03.540 UTC [49] LOG:  database system is shut down
 done
server stopped

PostgreSQL init process complete; ready for start up.

2025-12-08 06:10:03.616 UTC [1] LOG:  starting PostgreSQL 16.11 (Debian 16.11-1.pgdg13+1) on x86_64-pc-linux-gnu, compiled by gcc (Debian 14.2.0-19) 14.2.0, 64-bit
2025-12-08 06:10:03.616 UTC [1] LOG:  listening on IPv4 address "0.0.0.0", port 5432
2025-12-08 06:10:03.617 UTC [1] LOG:  listening on IPv6 address "::", port 5432
2025-12-08 06:10:03.627 UTC [1] LOG:  listening on Unix socket "/var/run/postgresql/.s.PGSQL.5432"
2025-12-08 06:10:03.641 UTC [65] LOG:  database system was shut down at 2025-12-08 06:10:03 UTC
2025-12-08 06:10:03.657 UTC [1] LOG:  database system is ready to accept connections
2025-12-08 06:15:21.301 UTC [63] LOG:  checkpoint starting: time
2025-12-08 06:15:33.520 UTC [63] LOG:  checkpoint complete: wrote 105 buffers (0.6%); 0 WAL file(s) added, 0 removed, 0 recycled; write=12.122 s, sync=0.071 s, total=12.222 s; sync files=61, longest=0.004 s, average=0.002 s; distance=479 kB, estimate=479 kB; lsn=0/19972E8, redo lsn=0/1996E00
